<?xml version="1.0" encoding="UTF-8"?>
<robot generator="Robot 3.1.2 (Python 3.7.6 on win32)" generated="20200330 20:52:53.396" rpa="false">
<suite id="s1" name="TestSuite1" source="C:\Users\admin\eclipse-workspace\RobotProject1\test\TestSuite1.robot">
<kw name="Log" library="BuiltIn" type="setup">
<doc>Logs the given message with the given level.</doc>
<arguments>
<arg>I am inside Test suite setup</arg>
</arguments>
<msg timestamp="20200330 20:52:53.562" level="INFO">I am inside Test suite setup</msg>
<status status="PASS" starttime="20200330 20:52:53.562" endtime="20200330 20:52:53.562"></status>
</kw>
<test id="s1-t1" name="MyFirstTest">
<kw name="Log" library="BuiltIn" type="setup">
<doc>Logs the given message with the given level.</doc>
<arguments>
<arg>I am inside Test Setup</arg>
</arguments>
<msg timestamp="20200330 20:52:53.563" level="INFO">I am inside Test Setup</msg>
<status status="PASS" starttime="20200330 20:52:53.562" endtime="20200330 20:52:53.563"></status>
</kw>
<kw name="Log" library="BuiltIn">
<doc>Logs the given message with the given level.</doc>
<arguments>
<arg>Hello world...</arg>
</arguments>
<msg timestamp="20200330 20:52:53.563" level="INFO">Hello world...</msg>
<status status="PASS" starttime="20200330 20:52:53.563" endtime="20200330 20:52:53.563"></status>
</kw>
<kw name="Log" library="BuiltIn" type="teardown">
<doc>Logs the given message with the given level.</doc>
<arguments>
<arg>I am inside Test Teardown</arg>
</arguments>
<msg timestamp="20200330 20:52:53.564" level="INFO">I am inside Test Teardown</msg>
<status status="PASS" starttime="20200330 20:52:53.564" endtime="20200330 20:52:53.564"></status>
</kw>
<tags>
<tag>smoke</tag>
</tags>
<status status="PASS" starttime="20200330 20:52:53.562" endtime="20200330 20:52:53.564" critical="yes"></status>
</test>
<kw name="Log" library="BuiltIn" type="teardown">
<doc>Logs the given message with the given level.</doc>
<arguments>
<arg>I am inside Test Suite Teardown</arg>
</arguments>
<msg timestamp="20200330 20:52:53.565" level="INFO">I am inside Test Suite Teardown</msg>
<status status="PASS" starttime="20200330 20:52:53.565" endtime="20200330 20:52:53.565"></status>
</kw>
<status status="PASS" starttime="20200330 20:52:53.397" endtime="20200330 20:52:53.565"></status>
</suite>
<statistics>
<total>
<stat pass="1" fail="0">Critical Tests</stat>
<stat pass="1" fail="0">All Tests</stat>
</total>
<tag>
<stat pass="1" fail="0">smoke</stat>
</tag>
<suite>
<stat pass="1" fail="0" id="s1" name="TestSuite1">TestSuite1</stat>
</suite>
</statistics>
<errors>
</errors>
</robot>
